<?xml version="1.0" encoding="UTF-8"?>
<!-- Generated by org.testng.reporters.JUnitXMLReporter -->
<testsuite ignored="0" hostname="DESKTOP-PGAU4OF" failures="0" tests="21" name="Default test" time="165.13" errors="0" timestamp="2021-04-19T00:28:55 CEST">
  <testcase classname="tests.PracticeFormPageTests" name="alertBox" time="0.108"/>
  <testcase classname="tests.PracticeFormPageTests" name="changeColorOnDoubleClick" time="1.213"/>
  <testcase classname="tests.PracticeFormPageTests" name="clearForm" time="0.719"/>
  <testcase classname="tests.PracticeFormPageTests" name="dragAndDrop" time="0.286"/>
  <testcase classname="tests.PracticeFormPageTests" name="fullPageScreenshot" time="4.266"/>
  <testcase classname="tests.PracticeFormPageTests" name="newBrowserTab" time="7.209"/>
  <testcase classname="tests.PracticeFormPageTests" name="newBrowserWindow" time="4.368"/>
  <testcase classname="tests.PracticeFormPageTests" name="newMessageWindow" time="0.141"/>
  <testcase classname="tests.PracticeFormPageTests" name="resizeTextarea" time="0.025"/>
  <testcase classname="tests.PracticeFormPageTests" name="screenshotWithTimestamp" time="0.36"/>
  <testcase classname="tests.PracticeFormPageTests" name="screenshotsOfSpecificElements" time="5.833"/>
  <testcase classname="tests.PracticeFormPageTests" name="searchFunctionalityTest" time="1.073"/>
  <testcase classname="tests.PracticeFormPageTests" name="submitEmptyForm" time="0.098"/>
  <testcase classname="tests.PracticeFormPageTests" name="submitFormWithAllFieldsFilledIn" time="2.042"/>
  <testcase classname="tests.PracticeFormPageTests" name="submitFormWithRequiredFieldsFilledIn" time="2.335"/>
  <testcase classname="tests.PracticeFormPageTests" name="subscribeForNewsletter" time="0.445"/>
  <testcase classname="tests.PracticeFormPageTests" name="timingAlert" time="3.134"/>
  <testcase classname="tests.PracticeFormPageTests" name="verifyFormPlaceholders" time="0.111"/>
  <testcase classname="tests.PracticeFormPageTests" name="verifyNavLinksText" time="0.165"/>
  <testcase classname="tests.PracticeFormPageTests" name="verifyNavURLs" time="0.139"/>
  <testcase classname="tests.PracticeFormPageTests" name="waitUntilButtonColorChanges" time="5.283"/>
</testsuite> <!-- Default test -->
